\BOOKMARK [1][-]{section.1}{\376\377\004\023\004\070\004\077\004\065\004\100\004\061\004\076\004\073\004\070\004\107\004\065\004\101\004\072\004\070\004\065\000\040\004\104\004\103\004\075\004\072\004\106\004\070\004\070\000.}{}% 1
\BOOKMARK [1][-]{section.2}{\376\377\004\037\004\100\004\076\004\070\004\067\004\062\004\076\004\064\004\075\004\113\004\065\000.}{}% 2
\BOOKMARK [1][-]{section.3}{\376\377\004\037\004\065\004\100\004\062\004\060\004\117\000\040\004\077\004\100\004\076\004\070\004\067\004\062\004\076\004\064\004\075\004\060\004\117\000\040\004\076\004\102\000\040\004\077\004\060\004\100\004\060\004\074\004\065\004\102\004\100\004\070\004\107\004\065\004\101\004\072\004\076\004\071\000\040\004\104\004\103\004\075\004\072\004\106\004\070\004\070\000.}{}% 3
\BOOKMARK [1][-]{section.4}{\376\377\004\022\004\102\004\076\004\100\004\060\004\117\000\040\004\077\004\100\004\076\004\070\004\067\004\062\004\076\004\064\004\075\004\060\004\117\000\040\004\076\004\102\000\040\004\077\004\060\004\100\004\060\004\074\004\065\004\102\004\100\004\070\004\107\004\065\004\101\004\072\004\076\004\071\000\040\004\104\004\103\004\075\004\072\004\106\004\070\004\070\000.}{}% 4
\BOOKMARK [1][-]{section.5}{\376\377\004\037\004\100\004\076\004\070\004\067\004\062\004\076\004\064\004\075\004\113\004\065\000\040\004\062\004\113\004\101\004\110\004\070\004\105\000\040\004\077\004\076\004\100\004\117\004\064\004\072\004\076\004\062\000.}{}% 5
\BOOKMARK [1][-]{section.6}{\376\377\004\044\004\076\004\100\004\074\004\103\004\073\004\060\000\040\004\033\004\065\004\071\004\061\004\075\004\070\004\106\004\060\000.}{}% 6
\BOOKMARK [1][-]{section.7}{\376\377\004\044\004\076\004\100\004\074\004\103\004\073\004\060\000\040\004\042\004\065\004\071\004\073\004\076\004\100\004\060\000.}{}% 7
\BOOKMARK [1][-]{section.8}{\376\377\004\044\004\076\004\100\004\074\004\103\004\073\004\060\000\040\004\034\004\060\004\072\004\073\004\076\004\100\004\065\004\075\004\060\000.}{}% 8
\BOOKMARK [2][-]{subsection.8.1}{\376\377\004\036\004\061\004\111\004\070\004\071\000\040\004\062\004\070\004\064\000.}{section.8}% 9
\BOOKMARK [2][-]{subsection.8.2}{\376\377\004\024\004\073\004\117\000\040\004\107\004\065\004\102\004\075\004\076\004\071\000\040\004\104\004\103\004\075\004\072\004\106\004\070\004\070\000.}{section.8}% 10
\BOOKMARK [2][-]{subsection.8.3}{\376\377\004\024\004\073\004\117\000\040\004\075\004\065\004\107\004\065\004\102\004\075\004\076\004\071\000\040\004\104\004\103\004\075\004\072\004\106\004\070\004\070\000.}{section.8}% 11
\BOOKMARK [2][-]{subsection.8.4}{\376\377\004\047\004\060\004\101\004\102\004\113\004\065\000\040\004\104\004\103\004\075\004\072\004\106\004\070\004\070\000.}{section.8}% 12
\BOOKMARK [2][-]{subsection.8.5}{\376\377\004\044\004\076\004\100\004\074\004\103\004\073\004\060\000\040\004\070\004\067\000\040\004\077\004\100\004\076\004\070\004\067\004\062\004\076\004\064\004\075\004\076\004\071}{section.8}% 13
\BOOKMARK [2][-]{subsection.8.6}{\376\377\004\025\004\111\004\065\000\040\004\104\004\103\004\075\004\072\004\106\004\070\004\070\000.}{section.8}% 14
\BOOKMARK [1][-]{section.9}{\376\377\004\032\004\100\004\070\004\062\004\113\004\065\000.}{}% 15
\BOOKMARK [2][-]{subsection.9.1}{\376\377\004\032\004\100\004\070\004\062\004\070\004\067\004\075\004\060}{section.9}% 16
\BOOKMARK [2][-]{subsection.9.2}{\376\377\004\032\004\100\004\103\004\107\004\065\004\075\004\070\004\065\000.}{section.9}% 17
\BOOKMARK [2][-]{subsection.9.3}{\376\377\004\037\004\073\004\076\004\111\004\060\004\064\004\114\000.}{section.9}% 18
\BOOKMARK [2][-]{subsection.9.4}{\376\377\004\024\004\073\004\070\004\075\004\060\000.}{section.9}% 19
\BOOKMARK [2][-]{subsection.9.5}{\376\377\004\036\004\061\004\112\004\065\004\074\000.}{section.9}% 20
\BOOKMARK [1][-]{section.10}{\376\377\004\055\004\102\004\060\004\073\004\076\004\075\004\075\004\113\004\065\000\040\004\070\004\075\004\102\004\065\004\063\004\100\004\060\004\073\004\113\000.}{}% 21
